Analysis & Synthesis report for reactionTimer
Sat Apr 30 22:44:53 2016
Quartus II 64-Bit Version 13.0.1 Build 232 06/12/2013 Service Pack 1 SJ Web Edition


---------------------
; Table of Contents ;
---------------------
  1. Legal Notice
  2. Analysis & Synthesis Summary
  3. Analysis & Synthesis Settings
  4. Parallel Compilation
  5. Analysis & Synthesis Source Files Read
  6. Analysis & Synthesis Resource Usage Summary
  7. Analysis & Synthesis Resource Utilization by Entity
  8. State Machine - |reactionTimer|Q
  9. Registers Removed During Synthesis
 10. General Register Statistics
 11. Inverted Register Statistics
 12. Multiplexer Restructuring Statistics (Restructuring Performed)
 13. Port Connectivity Checks: "countTo:myCountTo"
 14. Elapsed Time Per Partition
 15. Analysis & Synthesis Messages
 16. Analysis & Synthesis Suppressed Messages



----------------
; Legal Notice ;
----------------
Copyright (C) 1991-2013 Altera Corporation
Your use of Altera Corporation's design tools, logic functions 
and other software and tools, and its AMPP partner logic 
functions, and any output files from any of the foregoing 
(including device programming or simulation files), and any 
associated documentation or information are expressly subject 
to the terms and conditions of the Altera Program License 
Subscription Agreement, Altera MegaCore Function License 
Agreement, or other applicable license agreement, including, 
without limitation, that your use is for the sole purpose of 
programming logic devices manufactured by Altera and sold by 
Altera or its authorized distributors.  Please refer to the 
applicable agreement for further details.



+--------------------------------------------------------------------------------------+
; Analysis & Synthesis Summary                                                         ;
+------------------------------------+-------------------------------------------------+
; Analysis & Synthesis Status        ; Successful - Sat Apr 30 22:44:53 2016           ;
; Quartus II 64-Bit Version          ; 13.0.1 Build 232 06/12/2013 SP 1 SJ Web Edition ;
; Revision Name                      ; reactionTimer                                   ;
; Top-level Entity Name              ; reactionTimer                                   ;
; Family                             ; Cyclone III                                     ;
; Total logic elements               ; 114                                             ;
;     Total combinational functions  ; 108                                             ;
;     Dedicated logic registers      ; 68                                              ;
; Total registers                    ; 68                                              ;
; Total pins                         ; 22                                              ;
; Total virtual pins                 ; 0                                               ;
; Total memory bits                  ; 0                                               ;
; Embedded Multiplier 9-bit elements ; 0                                               ;
; Total PLLs                         ; 0                                               ;
+------------------------------------+-------------------------------------------------+


+----------------------------------------------------------------------------------------------------------------------+
; Analysis & Synthesis Settings                                                                                        ;
+----------------------------------------------------------------------------+--------------------+--------------------+
; Option                                                                     ; Setting            ; Default Value      ;
+----------------------------------------------------------------------------+--------------------+--------------------+
; Device                                                                     ; EP3C16F484C6       ;                    ;
; Top-level entity name                                                      ; reactionTimer      ; reactionTimer      ;
; Family name                                                                ; Cyclone III        ; Cyclone IV GX      ;
; Use smart compilation                                                      ; Off                ; Off                ;
; Enable parallel Assembler and TimeQuest Timing Analyzer during compilation ; On                 ; On                 ;
; Enable compact report table                                                ; Off                ; Off                ;
; Restructure Multiplexers                                                   ; Auto               ; Auto               ;
; Create Debugging Nodes for IP Cores                                        ; Off                ; Off                ;
; Preserve fewer node names                                                  ; On                 ; On                 ;
; Disable OpenCore Plus hardware evaluation                                  ; Off                ; Off                ;
; Verilog Version                                                            ; Verilog_2001       ; Verilog_2001       ;
; VHDL Version                                                               ; VHDL_1993          ; VHDL_1993          ;
; State Machine Processing                                                   ; Auto               ; Auto               ;
; Safe State Machine                                                         ; Off                ; Off                ;
; Extract Verilog State Machines                                             ; On                 ; On                 ;
; Extract VHDL State Machines                                                ; On                 ; On                 ;
; Ignore Verilog initial constructs                                          ; Off                ; Off                ;
; Iteration limit for constant Verilog loops                                 ; 5000               ; 5000               ;
; Iteration limit for non-constant Verilog loops                             ; 250                ; 250                ;
; Add Pass-Through Logic to Inferred RAMs                                    ; On                 ; On                 ;
; Infer RAMs from Raw Logic                                                  ; On                 ; On                 ;
; Parallel Synthesis                                                         ; On                 ; On                 ;
; DSP Block Balancing                                                        ; Auto               ; Auto               ;
; NOT Gate Push-Back                                                         ; On                 ; On                 ;
; Power-Up Don't Care                                                        ; On                 ; On                 ;
; Remove Redundant Logic Cells                                               ; Off                ; Off                ;
; Remove Duplicate Registers                                                 ; On                 ; On                 ;
; Ignore CARRY Buffers                                                       ; Off                ; Off                ;
; Ignore CASCADE Buffers                                                     ; Off                ; Off                ;
; Ignore GLOBAL Buffers                                                      ; Off                ; Off                ;
; Ignore ROW GLOBAL Buffers                                                  ; Off                ; Off                ;
; Ignore LCELL Buffers                                                       ; Off                ; Off                ;
; Ignore SOFT Buffers                                                        ; On                 ; On                 ;
; Limit AHDL Integers to 32 Bits                                             ; Off                ; Off                ;
; Optimization Technique                                                     ; Balanced           ; Balanced           ;
; Carry Chain Length                                                         ; 70                 ; 70                 ;
; Auto Carry Chains                                                          ; On                 ; On                 ;
; Auto Open-Drain Pins                                                       ; On                 ; On                 ;
; Perform WYSIWYG Primitive Resynthesis                                      ; Off                ; Off                ;
; Auto ROM Replacement                                                       ; On                 ; On                 ;
; Auto RAM Replacement                                                       ; On                 ; On                 ;
; Auto DSP Block Replacement                                                 ; On                 ; On                 ;
; Auto Shift Register Replacement                                            ; Auto               ; Auto               ;
; Allow Shift Register Merging across Hierarchies                            ; Auto               ; Auto               ;
; Auto Clock Enable Replacement                                              ; On                 ; On                 ;
; Strict RAM Replacement                                                     ; Off                ; Off                ;
; Allow Synchronous Control Signals                                          ; On                 ; On                 ;
; Force Use of Synchronous Clear Signals                                     ; Off                ; Off                ;
; Auto RAM Block Balancing                                                   ; On                 ; On                 ;
; Auto RAM to Logic Cell Conversion                                          ; Off                ; Off                ;
; Auto Resource Sharing                                                      ; Off                ; Off                ;
; Allow Any RAM Size For Recognition                                         ; Off                ; Off                ;
; Allow Any ROM Size For Recognition                                         ; Off                ; Off                ;
; Allow Any Shift Register Size For Recognition                              ; Off                ; Off                ;
; Use LogicLock Constraints during Resource Balancing                        ; On                 ; On                 ;
; Ignore translate_off and synthesis_off directives                          ; Off                ; Off                ;
; Timing-Driven Synthesis                                                    ; On                 ; On                 ;
; Report Parameter Settings                                                  ; On                 ; On                 ;
; Report Source Assignments                                                  ; On                 ; On                 ;
; Report Connectivity Checks                                                 ; On                 ; On                 ;
; Ignore Maximum Fan-Out Assignments                                         ; Off                ; Off                ;
; Synchronization Register Chain Length                                      ; 2                  ; 2                  ;
; PowerPlay Power Optimization                                               ; Normal compilation ; Normal compilation ;
; HDL message level                                                          ; Level2             ; Level2             ;
; Suppress Register Optimization Related Messages                            ; Off                ; Off                ;
; Number of Removed Registers Reported in Synthesis Report                   ; 5000               ; 5000               ;
; Number of Swept Nodes Reported in Synthesis Report                         ; 5000               ; 5000               ;
; Number of Inverted Registers Reported in Synthesis Report                  ; 100                ; 100                ;
; Clock MUX Protection                                                       ; On                 ; On                 ;
; Auto Gated Clock Conversion                                                ; Off                ; Off                ;
; Block Design Naming                                                        ; Auto               ; Auto               ;
; SDC constraint protection                                                  ; Off                ; Off                ;
; Synthesis Effort                                                           ; Auto               ; Auto               ;
; Shift Register Replacement - Allow Asynchronous Clear Signal               ; On                 ; On                 ;
; Pre-Mapping Resynthesis Optimization                                       ; Off                ; Off                ;
; Analysis & Synthesis Message Level                                         ; Medium             ; Medium             ;
; Disable Register Merging Across Hierarchies                                ; Auto               ; Auto               ;
; Resource Aware Inference For Block RAM                                     ; On                 ; On                 ;
; Synthesis Seed                                                             ; 1                  ; 1                  ;
+----------------------------------------------------------------------------+--------------------+--------------------+


Parallel compilation was disabled, but you have multiple processors available. Enable parallel compilation to reduce compilation time.
+-------------------------------------+
; Parallel Compilation                ;
+----------------------------+--------+
; Processors                 ; Number ;
+----------------------------+--------+
; Number detected on machine ; 4      ;
; Maximum allowed            ; 1      ;
+----------------------------+--------+


+--------------------------------------------------------------------------------------------------------------------------------------------------------------+
; Analysis & Synthesis Source Files Read                                                                                                                       ;
+----------------------------------+-----------------+------------------------+----------------------------------------------------------------------+---------+
; File Name with User-Entered Path ; Used in Netlist ; File Type              ; File Name with Absolute Path                                         ; Library ;
+----------------------------------+-----------------+------------------------+----------------------------------------------------------------------+---------+
; reactionTimer.v                  ; yes             ; User Verilog HDL File  ; C:/altera/13.0sp1/reactiontimer/reactionTimerVerilog/reactionTimer.v ;         ;
+----------------------------------+-----------------+------------------------+----------------------------------------------------------------------+---------+


+-----------------------------------------------------------+
; Analysis & Synthesis Resource Usage Summary               ;
+---------------------------------------------+-------------+
; Resource                                    ; Usage       ;
+---------------------------------------------+-------------+
; Estimated Total logic elements              ; 114         ;
;                                             ;             ;
; Total combinational functions               ; 108         ;
; Logic element usage by number of LUT inputs ;             ;
;     -- 4 input functions                    ; 43          ;
;     -- 3 input functions                    ; 18          ;
;     -- <=2 input functions                  ; 47          ;
;                                             ;             ;
; Logic elements by mode                      ;             ;
;     -- normal mode                          ; 80          ;
;     -- arithmetic mode                      ; 28          ;
;                                             ;             ;
; Total registers                             ; 68          ;
;     -- Dedicated logic registers            ; 68          ;
;     -- I/O registers                        ; 0           ;
;                                             ;             ;
; I/O pins                                    ; 22          ;
; Embedded Multiplier 9-bit elements          ; 0           ;
; Maximum fan-out node                        ; Clock~input ;
; Maximum fan-out                             ; 47          ;
; Total fan-out                               ; 514         ;
; Average fan-out                             ; 2.34        ;
+---------------------------------------------+-------------+


+------------------------------------------------------------------------------------------------------------------------------------------------------------------------------------------------------+
; Analysis & Synthesis Resource Utilization by Entity                                                                                                                                                  ;
+--------------------------------+-------------------+--------------+-------------+--------------+---------+-----------+------+--------------+------------------------------------------+--------------+
; Compilation Hierarchy Node     ; LC Combinationals ; LC Registers ; Memory Bits ; DSP Elements ; DSP 9x9 ; DSP 18x18 ; Pins ; Virtual Pins ; Full Hierarchy Name                      ; Library Name ;
+--------------------------------+-------------------+--------------+-------------+--------------+---------+-----------+------+--------------+------------------------------------------+--------------+
; |reactionTimer                 ; 108 (12)          ; 68 (23)      ; 0           ; 0            ; 0       ; 0         ; 22   ; 0            ; |reactionTimer                           ; work         ;
;    |BCDcount:counter|          ; 16 (16)           ; 8 (8)        ; 0           ; 0            ; 0       ; 0         ; 0    ; 0            ; |reactionTimer|BCDcount:counter          ; work         ;
;    |LFSR:ranNum|               ; 2 (2)             ; 4 (4)        ; 0           ; 0            ; 0       ; 0         ; 0    ; 0            ; |reactionTimer|LFSR:ranNum               ; work         ;
;    |clockDivider:hundredHertz| ; 20 (20)           ; 21 (21)      ; 0           ; 0            ; 0       ; 0         ; 0    ; 0            ; |reactionTimer|clockDivider:hundredHertz ; work         ;
;    |countTo:myCountTo|         ; 38 (38)           ; 12 (12)      ; 0           ; 0            ; 0       ; 0         ; 0    ; 0            ; |reactionTimer|countTo:myCountTo         ; work         ;
;    |seg7:seg0|                 ; 10 (10)           ; 0 (0)        ; 0           ; 0            ; 0       ; 0         ; 0    ; 0            ; |reactionTimer|seg7:seg0                 ; work         ;
;    |seg7:seg1|                 ; 10 (10)           ; 0 (0)        ; 0           ; 0            ; 0       ; 0         ; 0    ; 0            ; |reactionTimer|seg7:seg1                 ; work         ;
+--------------------------------+-------------------+--------------+-------------+--------------+---------+-----------+------+--------------+------------------------------------------+--------------+
Note: For table entries with two numbers listed, the numbers in parentheses indicate the number of resources of the given type used by the specific entity alone. The numbers listed outside of parentheses indicate the total resources of the given type used by the specific entity and all of its sub-entities in the hierarchy.


Encoding Type:  One-Hot
+----------------------------------+
; State Machine - |reactionTimer|Q ;
+------+------+------+-------------+
; Name ; Q.11 ; Q.01 ; Q.10        ;
+------+------+------+-------------+
; Q.01 ; 0    ; 0    ; 0           ;
; Q.10 ; 0    ; 1    ; 1           ;
; Q.11 ; 1    ; 1    ; 0           ;
+------+------+------+-------------+


+--------------------------------------------------------------------------------+
; Registers Removed During Synthesis                                             ;
+---------------------------------------+----------------------------------------+
; Register name                         ; Reason for Removal                     ;
+---------------------------------------+----------------------------------------+
; LED2~reg0                             ; Stuck at GND due to stuck port data_in ;
; LED5~reg0                             ; Stuck at GND due to stuck port data_in ;
; countTo:myCountTo|LED3                ; Stuck at GND due to stuck port data_in ;
; Total Number of Removed Registers = 3 ;                                        ;
+---------------------------------------+----------------------------------------+


+------------------------------------------------------+
; General Register Statistics                          ;
+----------------------------------------------+-------+
; Statistic                                    ; Value ;
+----------------------------------------------+-------+
; Total registers                              ; 68    ;
; Number of registers using Synchronous Clear  ; 10    ;
; Number of registers using Synchronous Load   ; 3     ;
; Number of registers using Asynchronous Clear ; 0     ;
; Number of registers using Asynchronous Load  ; 0     ;
; Number of registers using Clock Enable       ; 13    ;
; Number of registers using Preset             ; 0     ;
+----------------------------------------------+-------+


+--------------------------------------------------+
; Inverted Register Statistics                     ;
+----------------------------------------+---------+
; Inverted Register                      ; Fan out ;
+----------------------------------------+---------+
; LFSR:ranNum|num[0]                     ; 5       ;
; countTo:myCountTo|counter[0]           ; 3       ;
; Total number of inverted registers = 2 ;         ;
+----------------------------------------+---------+


+-------------------------------------------------------------------------------------------------------------------------------------------------------+
; Multiplexer Restructuring Statistics (Restructuring Performed)                                                                                        ;
+--------------------+-----------+---------------+----------------------+------------------------+------------+-----------------------------------------+
; Multiplexer Inputs ; Bus Width ; Baseline Area ; Area if Restructured ; Saving if Restructured ; Registered ; Example Multiplexer Output              ;
+--------------------+-----------+---------------+----------------------+------------------------+------------+-----------------------------------------+
; 3:1                ; 2 bits    ; 4 LEs         ; 2 LEs                ; 2 LEs                  ; Yes        ; |reactionTimer|Digit0[3]~reg0           ;
; 4:1                ; 4 bits    ; 8 LEs         ; 4 LEs                ; 4 LEs                  ; Yes        ; |reactionTimer|BCDcount:counter|BCD0[0] ;
; 5:1                ; 4 bits    ; 12 LEs        ; 4 LEs                ; 8 LEs                  ; Yes        ; |reactionTimer|BCDcount:counter|BCD1[0] ;
+--------------------+-----------+---------------+----------------------+------------------------+------------+-----------------------------------------+


+-------------------------------------------------------------------------------------------------------------------------------------------------------------------------------------------------------------------------+
; Port Connectivity Checks: "countTo:myCountTo"                                                                                                                                                                           ;
+---------------+--------+----------+-------------------------------------------------------------------------------------------------------------------------------------------------------------------------------------+
; Port          ; Type   ; Severity ; Details                                                                                                                                                                             ;
+---------------+--------+----------+-------------------------------------------------------------------------------------------------------------------------------------------------------------------------------------+
; inputN        ; Input  ; Warning  ; Input port expression (32 bits) is wider than the input port (11 bits) it drives.  The 21 most-significant bit(s) in the expression will be dangling if they have no other fanouts. ;
; inputN[10..8] ; Input  ; Info     ; Stuck at GND                                                                                                                                                                        ;
; inputN[0]     ; Input  ; Info     ; Stuck at GND                                                                                                                                                                        ;
; counter       ; Output ; Info     ; Connected to dangling logic. Logic that only feeds a dangling port will be removed.                                                                                                 ;
+---------------+--------+----------+-------------------------------------------------------------------------------------------------------------------------------------------------------------------------------------+


+-------------------------------+
; Elapsed Time Per Partition    ;
+----------------+--------------+
; Partition Name ; Elapsed Time ;
+----------------+--------------+
; Top            ; 00:00:01     ;
+----------------+--------------+


+-------------------------------+
; Analysis & Synthesis Messages ;
+-------------------------------+
Info: *******************************************************************
Info: Running Quartus II 64-Bit Analysis & Synthesis
    Info: Version 13.0.1 Build 232 06/12/2013 Service Pack 1 SJ Web Edition
    Info: Processing started: Sat Apr 30 22:44:48 2016
Info: Command: quartus_map --read_settings_files=on --write_settings_files=off reactionTimer -c reactionTimer
Warning (20028): Parallel compilation is not licensed and has been disabled
Warning (10261): Verilog HDL Event Control warning at reactionTimer.v(37): Event Control contains a complex event expression
Info (12021): Found 6 design units, including 6 entities, in source file reactiontimer.v
    Info (12023): Found entity 1: reactionTimer
    Info (12023): Found entity 2: BCDcount
    Info (12023): Found entity 3: seg7
    Info (12023): Found entity 4: clockDivider
    Info (12023): Found entity 5: LFSR
    Info (12023): Found entity 6: countTo
Info (12127): Elaborating entity "reactionTimer" for the top level hierarchy
Warning (10036): Verilog HDL or VHDL warning at reactionTimer.v(31): object "val" assigned a value but never read
Warning (10855): Verilog HDL warning at reactionTimer.v(30): initial value for variable lastPush should be constant
Info (12128): Elaborating entity "clockDivider" for hierarchy "clockDivider:hundredHertz"
Warning (10230): Verilog HDL assignment warning at reactionTimer.v(186): truncated value with size 32 to match size of target (20)
Info (12128): Elaborating entity "BCDcount" for hierarchy "BCDcount:counter"
Warning (10230): Verilog HDL assignment warning at reactionTimer.v(133): truncated value with size 32 to match size of target (4)
Warning (10230): Verilog HDL assignment warning at reactionTimer.v(136): truncated value with size 32 to match size of target (4)
Info (12128): Elaborating entity "seg7" for hierarchy "seg7:seg1"
Info (12128): Elaborating entity "LFSR" for hierarchy "LFSR:ranNum"
Info (12128): Elaborating entity "countTo" for hierarchy "countTo:myCountTo"
Warning (10230): Verilog HDL assignment warning at reactionTimer.v(247): truncated value with size 32 to match size of target (11)
Warning (12241): 1 hierarchies have connectivity warnings - see the Connectivity Checks report folder
Warning (13024): Output pins are stuck at VCC or GND
    Warning (13410): Pin "LED2" is stuck at GND
    Warning (13410): Pin "LED3" is stuck at GND
    Warning (13410): Pin "LED4" is stuck at GND
    Warning (13410): Pin "LED5" is stuck at GND
Info (286030): Timing-Driven Synthesis is running
Info (144001): Generated suppressed messages file C:/altera/13.0sp1/reactiontimer/reactionTimerVerilog/output_files/reactionTimer.map.smsg
Info (16010): Generating hard_block partition "hard_block:auto_generated_inst"
    Info (16011): Adding 0 node(s), including 0 DDIO, 0 PLL, 0 transceiver and 0 LCELL
Info (21057): Implemented 136 device resources after synthesis - the final resource count might be different
    Info (21058): Implemented 3 input pins
    Info (21059): Implemented 19 output pins
    Info (21061): Implemented 114 logic cells
Info: Quartus II 64-Bit Analysis & Synthesis was successful. 0 errors, 14 warnings
    Info: Peak virtual memory: 472 megabytes
    Info: Processing ended: Sat Apr 30 22:44:53 2016
    Info: Elapsed time: 00:00:05
    Info: Total CPU time (on all processors): 00:00:05


+------------------------------------------+
; Analysis & Synthesis Suppressed Messages ;
+------------------------------------------+
The suppressed messages can be found in C:/altera/13.0sp1/reactiontimer/reactionTimerVerilog/output_files/reactionTimer.map.smsg.


